Arguments: 
  C:\Program Files\nodejs\node.exe C:\Users\Administrator\AppData\Roaming\npm\node_modules\yarn\bin\yarn.js start

PATH: 
  C:\WINDOWS\system32;C:\WINDOWS;C:\WINDOWS\System32\Wbem;C:\WINDOWS\System32\WindowsPowerShell\v1.0\;F:\service\jdk1.8\bin;C:\WINDOWS\System32\OpenSSH\;F:\安装包\工具&资源\ffmpeg-20170807-1bef008-win64-static\bin;C:\Pro;ram Files\TortoiseSVN\bin;C:\Program Files\VisualSVN Server\bin;C:\Program Files\Git\cmd;C:\Program Files\nodejs\;C:\Program Files\MongoDB\Server\3.2\bin;C:\Users\Administrator\AppData\Local\Microsoft\WindowsApps;C:\Users\Administrator\AppData\Roaming\npm;C:\Users\Administrator\AppData\Local\Programs\Fiddler

Yarn version: 
  1.7.0

Node version: 
  8.12.0

Platform: 
  win32 x64

Trace: 
  SyntaxError: H:\workspace\React项目\gzhipin-server\package.json: Unexpected token / in JSON at position 274
      at JSON.parse (<anonymous>)
      at C:\Users\Administrator\AppData\Roaming\npm\node_modules\yarn\lib\cli.js:1130:59
      at Generator.next (<anonymous>)
      at step (C:\Users\Administrator\AppData\Roaming\npm\node_modules\yarn\lib\cli.js:98:30)
      at C:\Users\Administrator\AppData\Roaming\npm\node_modules\yarn\lib\cli.js:109:13
      at <anonymous>

npm manifest: 
  {
    "name": "gzhipin-server",
    "version": "1.0.0",
    "description": "",
    "main": "app.js",
    "dependencies": {
      "blueimp-md5": "^2.10.0",
      "express": "^4.16.4",
      "mongoose": "^5.3.8"
    },
    "devDependencies": {},
    "scripts": {
      "start": "nodemon app.js"
    },
  //  "proxy":"http://localhost:4000",
    "author": "",
    "license": "ISC"
  }

yarn manifest: 
  No manifest

Lockfile: 
  No lockfile
